Classic Timing Analyzer report for debouncer
Thu Sep 19 02:55:59 2019
Quartus II Version 9.0 Build 235 06/17/2009 Service Pack 2 SJ Web Edition


---------------------
; Table of Contents ;
---------------------
  1. Legal Notice
  2. Timing Analyzer Summary
  3. Timing Analyzer Settings
  4. Clock Settings Summary
  5. Parallel Compilation
  6. Clock Setup: 'Clock'
  7. tsu
  8. tco
  9. th
 10. Timing Analyzer Messages



----------------
; Legal Notice ;
----------------
Copyright (C) 1991-2009 Altera Corporation
Your use of Altera Corporation's design tools, logic functions 
and other software and tools, and its AMPP partner logic 
functions, and any output files from any of the foregoing 
(including device programming or simulation files), and any 
associated documentation or information are expressly subject 
to the terms and conditions of the Altera Program License 
Subscription Agreement, Altera MegaCore Function License 
Agreement, or other applicable license agreement, including, 
without limitation, that your use is for the sole purpose of 
programming logic devices manufactured by Altera and sold by 
Altera or its authorized distributors.  Please refer to the 
applicable agreement for further details.



+---------------------------------------------------------------------------------------------------------------------------------------------------------------------------------------------------------------------------------+
; Timing Analyzer Summary                                                                                                                                                                                                         ;
+------------------------------+-------+---------------+----------------------------------+-----------------------------------------------+------------------------------------------------+------------+----------+--------------+
; Type                         ; Slack ; Required Time ; Actual Time                      ; From                                          ; To                                             ; From Clock ; To Clock ; Failed Paths ;
+------------------------------+-------+---------------+----------------------------------+-----------------------------------------------+------------------------------------------------+------------+----------+--------------+
; Worst-case tsu               ; N/A   ; None          ; 1.900 ns                         ; button                                        ; inst2                                          ; --         ; Clock    ; 0            ;
; Worst-case tco               ; N/A   ; None          ; 12.300 ns                        ; inst                                          ; debounced                                      ; Clock      ; --       ; 0            ;
; Worst-case th                ; N/A   ; None          ; -0.300 ns                        ; button                                        ; inst2                                          ; --         ; Clock    ; 0            ;
; Clock Setup: 'Clock'         ; N/A   ; None          ; 54.64 MHz ( period = 18.300 ns ) ; divisorDeFrequencia:inst4|contador:inst2|inst ; divisorDeFrequencia:inst4|contador:inst10|inst ; Clock      ; Clock    ; 0            ;
; Total number of failed paths ;       ;               ;                                  ;                                               ;                                                ;            ;          ; 0            ;
+------------------------------+-------+---------------+----------------------------------+-----------------------------------------------+------------------------------------------------+------------+----------+--------------+


+--------------------------------------------------------------------------------------------------------------------+
; Timing Analyzer Settings                                                                                           ;
+---------------------------------------------------------------------+--------------------+------+----+-------------+
; Option                                                              ; Setting            ; From ; To ; Entity Name ;
+---------------------------------------------------------------------+--------------------+------+----+-------------+
; Device Name                                                         ; EP1K100QC208-3     ;      ;    ;             ;
; Timing Models                                                       ; Final              ;      ;    ;             ;
; Default hold multicycle                                             ; Same as Multicycle ;      ;    ;             ;
; Cut paths between unrelated clock domains                           ; On                 ;      ;    ;             ;
; Cut off read during write signal paths                              ; On                 ;      ;    ;             ;
; Cut off feedback from I/O pins                                      ; On                 ;      ;    ;             ;
; Report Combined Fast/Slow Timing                                    ; Off                ;      ;    ;             ;
; Ignore Clock Settings                                               ; Off                ;      ;    ;             ;
; Analyze latches as synchronous elements                             ; On                 ;      ;    ;             ;
; Enable Recovery/Removal analysis                                    ; Off                ;      ;    ;             ;
; Enable Clock Latency                                                ; Off                ;      ;    ;             ;
; Use TimeQuest Timing Analyzer                                       ; Off                ;      ;    ;             ;
; Minimum Core Junction Temperature                                   ; 0                  ;      ;    ;             ;
; Maximum Core Junction Temperature                                   ; 85                 ;      ;    ;             ;
; Number of source nodes to report per destination node               ; 10                 ;      ;    ;             ;
; Number of destination nodes to report                               ; 10                 ;      ;    ;             ;
; Number of paths to report                                           ; 200                ;      ;    ;             ;
; Report Minimum Timing Checks                                        ; Off                ;      ;    ;             ;
; Use Fast Timing Models                                              ; Off                ;      ;    ;             ;
; Report IO Paths Separately                                          ; Off                ;      ;    ;             ;
; Perform Multicorner Analysis                                        ; Off                ;      ;    ;             ;
; Reports the worst-case path for each clock domain and analysis      ; Off                ;      ;    ;             ;
; Removes common clock path pessimism (CCPP) during slack computation ; Off                ;      ;    ;             ;
; Output I/O Timing Endpoint                                          ; Near End           ;      ;    ;             ;
+---------------------------------------------------------------------+--------------------+------+----+-------------+


+------------------------------------------------------------------------------------------------------------------------------------------------------------------------------------+
; Clock Settings Summary                                                                                                                                                             ;
+-----------------+--------------------+----------+------------------+---------------+--------------+----------+-----------------------+---------------------+--------+--------------+
; Clock Node Name ; Clock Setting Name ; Type     ; Fmax Requirement ; Early Latency ; Late Latency ; Based on ; Multiply Base Fmax by ; Divide Base Fmax by ; Offset ; Phase offset ;
+-----------------+--------------------+----------+------------------+---------------+--------------+----------+-----------------------+---------------------+--------+--------------+
; Clock           ;                    ; User Pin ; None             ; 0.000 ns      ; 0.000 ns     ; --       ; N/A                   ; N/A                 ; N/A    ;              ;
+-----------------+--------------------+----------+------------------+---------------+--------------+----------+-----------------------+---------------------+--------+--------------+


Parallel compilation was disabled, but you have multiple processors available. Enable parallel compilation to reduce compilation time.
+-------------------------------------+
; Parallel Compilation                ;
+----------------------------+--------+
; Processors                 ; Number ;
+----------------------------+--------+
; Number detected on machine ; 2      ;
; Maximum allowed            ; 1      ;
+----------------------------+--------+


+-------------------------------------------------------------------------------------------------------------------------------------------------------------------------------------------------------------------------------------------------------------------------------------------------------------+
; Clock Setup: 'Clock'                                                                                                                                                                                                                                                                                        ;
+-----------------------------------------+-----------------------------------------------------+------------------------------------------------+------------------------------------------------+------------+----------+-----------------------------+---------------------------+-------------------------+
; Slack                                   ; Actual fmax (period)                                ; From                                           ; To                                             ; From Clock ; To Clock ; Required Setup Relationship ; Required Longest P2P Time ; Actual Longest P2P Time ;
+-----------------------------------------+-----------------------------------------------------+------------------------------------------------+------------------------------------------------+------------+----------+-----------------------------+---------------------------+-------------------------+
; N/A                                     ; 54.64 MHz ( period = 18.300 ns )                    ; divisorDeFrequencia:inst4|contador:inst2|inst  ; divisorDeFrequencia:inst4|contador:inst10|inst ; Clock      ; Clock    ; None                        ; None                      ; 16.500 ns               ;
; N/A                                     ; 55.25 MHz ( period = 18.100 ns )                    ; divisorDeFrequencia:inst4|contador:inst|inst5  ; divisorDeFrequencia:inst4|contador:inst10|inst ; Clock      ; Clock    ; None                        ; None                      ; 16.300 ns               ;
; N/A                                     ; 55.56 MHz ( period = 18.000 ns )                    ; divisorDeFrequencia:inst4|contador:inst|inst   ; divisorDeFrequencia:inst4|contador:inst10|inst ; Clock      ; Clock    ; None                        ; None                      ; 16.200 ns               ;
; N/A                                     ; 56.18 MHz ( period = 17.800 ns )                    ; divisorDeFrequencia:inst4|contador:inst10|inst ; divisorDeFrequencia:inst4|contador:inst10|inst ; Clock      ; Clock    ; None                        ; None                      ; 16.000 ns               ;
; N/A                                     ; 57.14 MHz ( period = 17.500 ns )                    ; divisorDeFrequencia:inst4|contador:inst2|inst  ; divisorDeFrequencia:inst4|contador:inst9|inst5 ; Clock      ; Clock    ; None                        ; None                      ; 15.700 ns               ;
; N/A                                     ; 57.14 MHz ( period = 17.500 ns )                    ; divisorDeFrequencia:inst4|contador:inst2|inst  ; divisorDeFrequencia:inst4|contador:inst9|inst  ; Clock      ; Clock    ; None                        ; None                      ; 15.700 ns               ;
; N/A                                     ; 57.80 MHz ( period = 17.300 ns )                    ; divisorDeFrequencia:inst4|contador:inst|inst5  ; divisorDeFrequencia:inst4|contador:inst9|inst5 ; Clock      ; Clock    ; None                        ; None                      ; 15.500 ns               ;
; N/A                                     ; 57.80 MHz ( period = 17.300 ns )                    ; divisorDeFrequencia:inst4|contador:inst|inst5  ; divisorDeFrequencia:inst4|contador:inst9|inst  ; Clock      ; Clock    ; None                        ; None                      ; 15.500 ns               ;
; N/A                                     ; 58.14 MHz ( period = 17.200 ns )                    ; divisorDeFrequencia:inst4|contador:inst|inst   ; divisorDeFrequencia:inst4|contador:inst9|inst5 ; Clock      ; Clock    ; None                        ; None                      ; 15.400 ns               ;
; N/A                                     ; 58.14 MHz ( period = 17.200 ns )                    ; divisorDeFrequencia:inst4|contador:inst|inst   ; divisorDeFrequencia:inst4|contador:inst9|inst  ; Clock      ; Clock    ; None                        ; None                      ; 15.400 ns               ;
; N/A                                     ; 58.82 MHz ( period = 17.000 ns )                    ; divisorDeFrequencia:inst4|contador:inst10|inst ; divisorDeFrequencia:inst4|contador:inst9|inst5 ; Clock      ; Clock    ; None                        ; None                      ; 15.200 ns               ;
; N/A                                     ; 58.82 MHz ( period = 17.000 ns )                    ; divisorDeFrequencia:inst4|contador:inst10|inst ; divisorDeFrequencia:inst4|contador:inst9|inst  ; Clock      ; Clock    ; None                        ; None                      ; 15.200 ns               ;
; N/A                                     ; 62.11 MHz ( period = 16.100 ns )                    ; divisorDeFrequencia:inst4|contador:inst2|inst  ; divisorDeFrequencia:inst4|contador:inst8|inst  ; Clock      ; Clock    ; None                        ; None                      ; 14.300 ns               ;
; N/A                                     ; 62.11 MHz ( period = 16.100 ns )                    ; divisorDeFrequencia:inst4|contador:inst2|inst  ; divisorDeFrequencia:inst4|contador:inst7|inst5 ; Clock      ; Clock    ; None                        ; None                      ; 14.300 ns               ;
; N/A                                     ; 62.89 MHz ( period = 15.900 ns )                    ; divisorDeFrequencia:inst4|contador:inst|inst5  ; divisorDeFrequencia:inst4|contador:inst8|inst  ; Clock      ; Clock    ; None                        ; None                      ; 14.100 ns               ;
; N/A                                     ; 62.89 MHz ( period = 15.900 ns )                    ; divisorDeFrequencia:inst4|contador:inst|inst5  ; divisorDeFrequencia:inst4|contador:inst7|inst5 ; Clock      ; Clock    ; None                        ; None                      ; 14.100 ns               ;
; N/A                                     ; 63.29 MHz ( period = 15.800 ns )                    ; divisorDeFrequencia:inst4|contador:inst|inst   ; divisorDeFrequencia:inst4|contador:inst8|inst  ; Clock      ; Clock    ; None                        ; None                      ; 14.000 ns               ;
; N/A                                     ; 63.29 MHz ( period = 15.800 ns )                    ; divisorDeFrequencia:inst4|contador:inst|inst   ; divisorDeFrequencia:inst4|contador:inst7|inst5 ; Clock      ; Clock    ; None                        ; None                      ; 14.000 ns               ;
; N/A                                     ; 64.10 MHz ( period = 15.600 ns )                    ; divisorDeFrequencia:inst4|contador:inst3|inst5 ; divisorDeFrequencia:inst4|contador:inst10|inst ; Clock      ; Clock    ; None                        ; None                      ; 13.800 ns               ;
; N/A                                     ; 64.10 MHz ( period = 15.600 ns )                    ; divisorDeFrequencia:inst4|contador:inst2|inst  ; divisorDeFrequencia:inst4|contador:inst8|inst5 ; Clock      ; Clock    ; None                        ; None                      ; 13.800 ns               ;
; N/A                                     ; 64.10 MHz ( period = 15.600 ns )                    ; divisorDeFrequencia:inst4|contador:inst10|inst ; divisorDeFrequencia:inst4|contador:inst8|inst  ; Clock      ; Clock    ; None                        ; None                      ; 13.800 ns               ;
; N/A                                     ; 64.10 MHz ( period = 15.600 ns )                    ; divisorDeFrequencia:inst4|contador:inst10|inst ; divisorDeFrequencia:inst4|contador:inst7|inst5 ; Clock      ; Clock    ; None                        ; None                      ; 13.800 ns               ;
; N/A                                     ; 64.94 MHz ( period = 15.400 ns )                    ; divisorDeFrequencia:inst4|contador:inst3|inst  ; divisorDeFrequencia:inst4|contador:inst10|inst ; Clock      ; Clock    ; None                        ; None                      ; 13.600 ns               ;
; N/A                                     ; 64.94 MHz ( period = 15.400 ns )                    ; divisorDeFrequencia:inst4|contador:inst|inst5  ; divisorDeFrequencia:inst4|contador:inst8|inst5 ; Clock      ; Clock    ; None                        ; None                      ; 13.600 ns               ;
; N/A                                     ; 65.36 MHz ( period = 15.300 ns )                    ; divisorDeFrequencia:inst4|contador:inst2|inst5 ; divisorDeFrequencia:inst4|contador:inst10|inst ; Clock      ; Clock    ; None                        ; None                      ; 13.500 ns               ;
; N/A                                     ; 65.36 MHz ( period = 15.300 ns )                    ; divisorDeFrequencia:inst4|contador:inst|inst   ; divisorDeFrequencia:inst4|contador:inst8|inst5 ; Clock      ; Clock    ; None                        ; None                      ; 13.500 ns               ;
; N/A                                     ; 66.23 MHz ( period = 15.100 ns )                    ; divisorDeFrequencia:inst4|contador:inst10|inst ; divisorDeFrequencia:inst4|contador:inst8|inst5 ; Clock      ; Clock    ; None                        ; None                      ; 13.300 ns               ;
; N/A                                     ; 67.57 MHz ( period = 14.800 ns )                    ; divisorDeFrequencia:inst4|contador:inst3|inst5 ; divisorDeFrequencia:inst4|contador:inst9|inst5 ; Clock      ; Clock    ; None                        ; None                      ; 13.000 ns               ;
; N/A                                     ; 67.57 MHz ( period = 14.800 ns )                    ; divisorDeFrequencia:inst4|contador:inst3|inst5 ; divisorDeFrequencia:inst4|contador:inst9|inst  ; Clock      ; Clock    ; None                        ; None                      ; 13.000 ns               ;
; N/A                                     ; 68.49 MHz ( period = 14.600 ns )                    ; divisorDeFrequencia:inst4|contador:inst3|inst  ; divisorDeFrequencia:inst4|contador:inst9|inst5 ; Clock      ; Clock    ; None                        ; None                      ; 12.800 ns               ;
; N/A                                     ; 68.49 MHz ( period = 14.600 ns )                    ; divisorDeFrequencia:inst4|contador:inst3|inst  ; divisorDeFrequencia:inst4|contador:inst9|inst  ; Clock      ; Clock    ; None                        ; None                      ; 12.800 ns               ;
; N/A                                     ; 68.97 MHz ( period = 14.500 ns )                    ; divisorDeFrequencia:inst4|contador:inst2|inst5 ; divisorDeFrequencia:inst4|contador:inst9|inst5 ; Clock      ; Clock    ; None                        ; None                      ; 12.700 ns               ;
; N/A                                     ; 68.97 MHz ( period = 14.500 ns )                    ; divisorDeFrequencia:inst4|contador:inst2|inst5 ; divisorDeFrequencia:inst4|contador:inst9|inst  ; Clock      ; Clock    ; None                        ; None                      ; 12.700 ns               ;
; N/A                                     ; 70.42 MHz ( period = 14.200 ns )                    ; divisorDeFrequencia:inst4|contador:inst2|inst  ; divisorDeFrequencia:inst4|contador:inst7|inst  ; Clock      ; Clock    ; None                        ; None                      ; 12.400 ns               ;
; N/A                                     ; 71.43 MHz ( period = 14.000 ns )                    ; divisorDeFrequencia:inst4|contador:inst|inst5  ; divisorDeFrequencia:inst4|contador:inst7|inst  ; Clock      ; Clock    ; None                        ; None                      ; 12.200 ns               ;
; N/A                                     ; 71.94 MHz ( period = 13.900 ns )                    ; divisorDeFrequencia:inst4|contador:inst|inst   ; divisorDeFrequencia:inst4|contador:inst7|inst  ; Clock      ; Clock    ; None                        ; None                      ; 12.100 ns               ;
; N/A                                     ; 72.99 MHz ( period = 13.700 ns )                    ; divisorDeFrequencia:inst4|contador:inst10|inst ; divisorDeFrequencia:inst4|contador:inst7|inst  ; Clock      ; Clock    ; None                        ; None                      ; 11.900 ns               ;
; N/A                                     ; 74.63 MHz ( period = 13.400 ns )                    ; divisorDeFrequencia:inst4|contador:inst3|inst5 ; divisorDeFrequencia:inst4|contador:inst8|inst  ; Clock      ; Clock    ; None                        ; None                      ; 11.600 ns               ;
; N/A                                     ; 74.63 MHz ( period = 13.400 ns )                    ; divisorDeFrequencia:inst4|contador:inst3|inst5 ; divisorDeFrequencia:inst4|contador:inst7|inst5 ; Clock      ; Clock    ; None                        ; None                      ; 11.600 ns               ;
; N/A                                     ; 75.76 MHz ( period = 13.200 ns )                    ; divisorDeFrequencia:inst4|contador:inst3|inst  ; divisorDeFrequencia:inst4|contador:inst8|inst  ; Clock      ; Clock    ; None                        ; None                      ; 11.400 ns               ;
; N/A                                     ; 75.76 MHz ( period = 13.200 ns )                    ; divisorDeFrequencia:inst4|contador:inst3|inst  ; divisorDeFrequencia:inst4|contador:inst7|inst5 ; Clock      ; Clock    ; None                        ; None                      ; 11.400 ns               ;
; N/A                                     ; 76.34 MHz ( period = 13.100 ns )                    ; divisorDeFrequencia:inst4|contador:inst2|inst5 ; divisorDeFrequencia:inst4|contador:inst8|inst  ; Clock      ; Clock    ; None                        ; None                      ; 11.300 ns               ;
; N/A                                     ; 76.34 MHz ( period = 13.100 ns )                    ; divisorDeFrequencia:inst4|contador:inst2|inst5 ; divisorDeFrequencia:inst4|contador:inst7|inst5 ; Clock      ; Clock    ; None                        ; None                      ; 11.300 ns               ;
; N/A                                     ; 77.52 MHz ( period = 12.900 ns )                    ; divisorDeFrequencia:inst4|contador:inst3|inst5 ; divisorDeFrequencia:inst4|contador:inst8|inst5 ; Clock      ; Clock    ; None                        ; None                      ; 11.100 ns               ;
; N/A                                     ; 77.52 MHz ( period = 12.900 ns )                    ; divisorDeFrequencia:inst4|contador:inst2|inst  ; divisorDeFrequencia:inst4|contador:inst6|inst5 ; Clock      ; Clock    ; None                        ; None                      ; 11.100 ns               ;
; N/A                                     ; 77.52 MHz ( period = 12.900 ns )                    ; divisorDeFrequencia:inst4|contador:inst2|inst  ; divisorDeFrequencia:inst4|contador:inst6|inst  ; Clock      ; Clock    ; None                        ; None                      ; 11.100 ns               ;
; N/A                                     ; 78.13 MHz ( period = 12.800 ns )                    ; divisorDeFrequencia:inst4|contador:inst5|inst  ; divisorDeFrequencia:inst4|contador:inst10|inst ; Clock      ; Clock    ; None                        ; None                      ; 11.000 ns               ;
; N/A                                     ; 78.74 MHz ( period = 12.700 ns )                    ; divisorDeFrequencia:inst4|contador:inst3|inst  ; divisorDeFrequencia:inst4|contador:inst8|inst5 ; Clock      ; Clock    ; None                        ; None                      ; 10.900 ns               ;
; N/A                                     ; 78.74 MHz ( period = 12.700 ns )                    ; divisorDeFrequencia:inst4|contador:inst|inst5  ; divisorDeFrequencia:inst4|contador:inst6|inst5 ; Clock      ; Clock    ; None                        ; None                      ; 10.900 ns               ;
; N/A                                     ; 78.74 MHz ( period = 12.700 ns )                    ; divisorDeFrequencia:inst4|contador:inst|inst5  ; divisorDeFrequencia:inst4|contador:inst6|inst  ; Clock      ; Clock    ; None                        ; None                      ; 10.900 ns               ;
; N/A                                     ; 79.37 MHz ( period = 12.600 ns )                    ; divisorDeFrequencia:inst4|contador:inst4|inst5 ; divisorDeFrequencia:inst4|contador:inst10|inst ; Clock      ; Clock    ; None                        ; None                      ; 10.800 ns               ;
; N/A                                     ; 79.37 MHz ( period = 12.600 ns )                    ; divisorDeFrequencia:inst4|contador:inst2|inst5 ; divisorDeFrequencia:inst4|contador:inst8|inst5 ; Clock      ; Clock    ; None                        ; None                      ; 10.800 ns               ;
; N/A                                     ; 79.37 MHz ( period = 12.600 ns )                    ; divisorDeFrequencia:inst4|contador:inst|inst   ; divisorDeFrequencia:inst4|contador:inst6|inst5 ; Clock      ; Clock    ; None                        ; None                      ; 10.800 ns               ;
; N/A                                     ; 79.37 MHz ( period = 12.600 ns )                    ; divisorDeFrequencia:inst4|contador:inst|inst   ; divisorDeFrequencia:inst4|contador:inst6|inst  ; Clock      ; Clock    ; None                        ; None                      ; 10.800 ns               ;
; N/A                                     ; 80.00 MHz ( period = 12.500 ns )                    ; divisorDeFrequencia:inst4|contador:inst4|inst  ; divisorDeFrequencia:inst4|contador:inst10|inst ; Clock      ; Clock    ; None                        ; None                      ; 10.700 ns               ;
; N/A                                     ; 80.65 MHz ( period = 12.400 ns )                    ; divisorDeFrequencia:inst4|contador:inst10|inst ; divisorDeFrequencia:inst4|contador:inst6|inst5 ; Clock      ; Clock    ; None                        ; None                      ; 10.600 ns               ;
; N/A                                     ; 80.65 MHz ( period = 12.400 ns )                    ; divisorDeFrequencia:inst4|contador:inst10|inst ; divisorDeFrequencia:inst4|contador:inst6|inst  ; Clock      ; Clock    ; None                        ; None                      ; 10.600 ns               ;
; N/A                                     ; 83.33 MHz ( period = 12.000 ns )                    ; divisorDeFrequencia:inst4|contador:inst5|inst  ; divisorDeFrequencia:inst4|contador:inst9|inst5 ; Clock      ; Clock    ; None                        ; None                      ; 10.200 ns               ;
; N/A                                     ; 83.33 MHz ( period = 12.000 ns )                    ; divisorDeFrequencia:inst4|contador:inst5|inst  ; divisorDeFrequencia:inst4|contador:inst9|inst  ; Clock      ; Clock    ; None                        ; None                      ; 10.200 ns               ;
; N/A                                     ; 84.75 MHz ( period = 11.800 ns )                    ; divisorDeFrequencia:inst4|contador:inst4|inst5 ; divisorDeFrequencia:inst4|contador:inst9|inst5 ; Clock      ; Clock    ; None                        ; None                      ; 10.000 ns               ;
; N/A                                     ; 84.75 MHz ( period = 11.800 ns )                    ; divisorDeFrequencia:inst4|contador:inst4|inst5 ; divisorDeFrequencia:inst4|contador:inst9|inst  ; Clock      ; Clock    ; None                        ; None                      ; 10.000 ns               ;
; N/A                                     ; 85.47 MHz ( period = 11.700 ns )                    ; divisorDeFrequencia:inst4|contador:inst4|inst  ; divisorDeFrequencia:inst4|contador:inst9|inst5 ; Clock      ; Clock    ; None                        ; None                      ; 9.900 ns                ;
; N/A                                     ; 85.47 MHz ( period = 11.700 ns )                    ; divisorDeFrequencia:inst4|contador:inst4|inst  ; divisorDeFrequencia:inst4|contador:inst9|inst  ; Clock      ; Clock    ; None                        ; None                      ; 9.900 ns                ;
; N/A                                     ; 86.96 MHz ( period = 11.500 ns )                    ; divisorDeFrequencia:inst4|contador:inst3|inst5 ; divisorDeFrequencia:inst4|contador:inst7|inst  ; Clock      ; Clock    ; None                        ; None                      ; 9.700 ns                ;
; N/A                                     ; 88.50 MHz ( period = 11.300 ns )                    ; divisorDeFrequencia:inst4|contador:inst3|inst  ; divisorDeFrequencia:inst4|contador:inst7|inst  ; Clock      ; Clock    ; None                        ; None                      ; 9.500 ns                ;
; N/A                                     ; 89.29 MHz ( period = 11.200 ns )                    ; divisorDeFrequencia:inst4|contador:inst2|inst5 ; divisorDeFrequencia:inst4|contador:inst7|inst  ; Clock      ; Clock    ; None                        ; None                      ; 9.400 ns                ;
; N/A                                     ; 90.91 MHz ( period = 11.000 ns )                    ; divisorDeFrequencia:inst4|contador:inst2|inst  ; divisorDeFrequencia:inst4|contador:inst5|inst5 ; Clock      ; Clock    ; None                        ; None                      ; 9.200 ns                ;
; N/A                                     ; 92.59 MHz ( period = 10.800 ns )                    ; divisorDeFrequencia:inst4|contador:inst|inst5  ; divisorDeFrequencia:inst4|contador:inst5|inst5 ; Clock      ; Clock    ; None                        ; None                      ; 9.000 ns                ;
; N/A                                     ; 93.46 MHz ( period = 10.700 ns )                    ; divisorDeFrequencia:inst4|contador:inst|inst   ; divisorDeFrequencia:inst4|contador:inst5|inst5 ; Clock      ; Clock    ; None                        ; None                      ; 8.900 ns                ;
; N/A                                     ; 94.34 MHz ( period = 10.600 ns )                    ; divisorDeFrequencia:inst4|contador:inst5|inst  ; divisorDeFrequencia:inst4|contador:inst8|inst  ; Clock      ; Clock    ; None                        ; None                      ; 8.800 ns                ;
; N/A                                     ; 94.34 MHz ( period = 10.600 ns )                    ; divisorDeFrequencia:inst4|contador:inst5|inst  ; divisorDeFrequencia:inst4|contador:inst7|inst5 ; Clock      ; Clock    ; None                        ; None                      ; 8.800 ns                ;
; N/A                                     ; 95.24 MHz ( period = 10.500 ns )                    ; divisorDeFrequencia:inst4|contador:inst10|inst ; divisorDeFrequencia:inst4|contador:inst5|inst5 ; Clock      ; Clock    ; None                        ; None                      ; 8.700 ns                ;
; N/A                                     ; 96.15 MHz ( period = 10.400 ns )                    ; divisorDeFrequencia:inst4|contador:inst4|inst5 ; divisorDeFrequencia:inst4|contador:inst8|inst  ; Clock      ; Clock    ; None                        ; None                      ; 8.600 ns                ;
; N/A                                     ; 96.15 MHz ( period = 10.400 ns )                    ; divisorDeFrequencia:inst4|contador:inst4|inst5 ; divisorDeFrequencia:inst4|contador:inst7|inst5 ; Clock      ; Clock    ; None                        ; None                      ; 8.600 ns                ;
; N/A                                     ; 97.09 MHz ( period = 10.300 ns )                    ; divisorDeFrequencia:inst4|contador:inst4|inst  ; divisorDeFrequencia:inst4|contador:inst8|inst  ; Clock      ; Clock    ; None                        ; None                      ; 8.500 ns                ;
; N/A                                     ; 97.09 MHz ( period = 10.300 ns )                    ; divisorDeFrequencia:inst4|contador:inst4|inst  ; divisorDeFrequencia:inst4|contador:inst7|inst5 ; Clock      ; Clock    ; None                        ; None                      ; 8.500 ns                ;
; N/A                                     ; 98.04 MHz ( period = 10.200 ns )                    ; divisorDeFrequencia:inst4|contador:inst3|inst5 ; divisorDeFrequencia:inst4|contador:inst6|inst5 ; Clock      ; Clock    ; None                        ; None                      ; 8.400 ns                ;
; N/A                                     ; 98.04 MHz ( period = 10.200 ns )                    ; divisorDeFrequencia:inst4|contador:inst3|inst5 ; divisorDeFrequencia:inst4|contador:inst6|inst  ; Clock      ; Clock    ; None                        ; None                      ; 8.400 ns                ;
; N/A                                     ; 98.04 MHz ( period = 10.200 ns )                    ; divisorDeFrequencia:inst4|contador:inst2|inst  ; divisorDeFrequencia:inst4|contador:inst5|inst  ; Clock      ; Clock    ; None                        ; None                      ; 8.400 ns                ;
; N/A                                     ; 98.04 MHz ( period = 10.200 ns )                    ; divisorDeFrequencia:inst4|contador:inst2|inst  ; divisorDeFrequencia:inst4|contador:inst4|inst5 ; Clock      ; Clock    ; None                        ; None                      ; 8.400 ns                ;
; N/A                                     ; 99.01 MHz ( period = 10.100 ns )                    ; divisorDeFrequencia:inst4|contador:inst6|inst5 ; divisorDeFrequencia:inst4|contador:inst10|inst ; Clock      ; Clock    ; None                        ; None                      ; 8.300 ns                ;
; N/A                                     ; 99.01 MHz ( period = 10.100 ns )                    ; divisorDeFrequencia:inst4|contador:inst5|inst  ; divisorDeFrequencia:inst4|contador:inst8|inst5 ; Clock      ; Clock    ; None                        ; None                      ; 8.300 ns                ;
; N/A                                     ; 100.00 MHz ( period = 10.000 ns )                   ; divisorDeFrequencia:inst4|contador:inst3|inst  ; divisorDeFrequencia:inst4|contador:inst6|inst5 ; Clock      ; Clock    ; None                        ; None                      ; 8.200 ns                ;
; N/A                                     ; 100.00 MHz ( period = 10.000 ns )                   ; divisorDeFrequencia:inst4|contador:inst3|inst  ; divisorDeFrequencia:inst4|contador:inst6|inst  ; Clock      ; Clock    ; None                        ; None                      ; 8.200 ns                ;
; N/A                                     ; 100.00 MHz ( period = 10.000 ns )                   ; divisorDeFrequencia:inst4|contador:inst|inst5  ; divisorDeFrequencia:inst4|contador:inst5|inst  ; Clock      ; Clock    ; None                        ; None                      ; 8.200 ns                ;
; N/A                                     ; 100.00 MHz ( period = 10.000 ns )                   ; divisorDeFrequencia:inst4|contador:inst|inst5  ; divisorDeFrequencia:inst4|contador:inst4|inst5 ; Clock      ; Clock    ; None                        ; None                      ; 8.200 ns                ;
; N/A                                     ; 101.01 MHz ( period = 9.900 ns )                    ; divisorDeFrequencia:inst4|contador:inst6|inst  ; divisorDeFrequencia:inst4|contador:inst10|inst ; Clock      ; Clock    ; None                        ; None                      ; 8.100 ns                ;
; N/A                                     ; 101.01 MHz ( period = 9.900 ns )                    ; divisorDeFrequencia:inst4|contador:inst4|inst5 ; divisorDeFrequencia:inst4|contador:inst8|inst5 ; Clock      ; Clock    ; None                        ; None                      ; 8.100 ns                ;
; N/A                                     ; 101.01 MHz ( period = 9.900 ns )                    ; divisorDeFrequencia:inst4|contador:inst2|inst5 ; divisorDeFrequencia:inst4|contador:inst6|inst5 ; Clock      ; Clock    ; None                        ; None                      ; 8.100 ns                ;
; N/A                                     ; 101.01 MHz ( period = 9.900 ns )                    ; divisorDeFrequencia:inst4|contador:inst2|inst5 ; divisorDeFrequencia:inst4|contador:inst6|inst  ; Clock      ; Clock    ; None                        ; None                      ; 8.100 ns                ;
; N/A                                     ; 101.01 MHz ( period = 9.900 ns )                    ; divisorDeFrequencia:inst4|contador:inst|inst   ; divisorDeFrequencia:inst4|contador:inst5|inst  ; Clock      ; Clock    ; None                        ; None                      ; 8.100 ns                ;
; N/A                                     ; 101.01 MHz ( period = 9.900 ns )                    ; divisorDeFrequencia:inst4|contador:inst|inst   ; divisorDeFrequencia:inst4|contador:inst4|inst5 ; Clock      ; Clock    ; None                        ; None                      ; 8.100 ns                ;
; N/A                                     ; 102.04 MHz ( period = 9.800 ns )                    ; divisorDeFrequencia:inst4|contador:inst5|inst5 ; divisorDeFrequencia:inst4|contador:inst10|inst ; Clock      ; Clock    ; None                        ; None                      ; 8.000 ns                ;
; N/A                                     ; 102.04 MHz ( period = 9.800 ns )                    ; divisorDeFrequencia:inst4|contador:inst4|inst  ; divisorDeFrequencia:inst4|contador:inst8|inst5 ; Clock      ; Clock    ; None                        ; None                      ; 8.000 ns                ;
; N/A                                     ; 103.09 MHz ( period = 9.700 ns )                    ; divisorDeFrequencia:inst4|contador:inst10|inst ; divisorDeFrequencia:inst4|contador:inst5|inst  ; Clock      ; Clock    ; None                        ; None                      ; 7.900 ns                ;
; N/A                                     ; 103.09 MHz ( period = 9.700 ns )                    ; divisorDeFrequencia:inst4|contador:inst10|inst ; divisorDeFrequencia:inst4|contador:inst4|inst5 ; Clock      ; Clock    ; None                        ; None                      ; 7.900 ns                ;
; N/A                                     ; 107.53 MHz ( period = 9.300 ns )                    ; divisorDeFrequencia:inst4|contador:inst6|inst5 ; divisorDeFrequencia:inst4|contador:inst9|inst5 ; Clock      ; Clock    ; None                        ; None                      ; 7.500 ns                ;
; N/A                                     ; 107.53 MHz ( period = 9.300 ns )                    ; divisorDeFrequencia:inst4|contador:inst6|inst5 ; divisorDeFrequencia:inst4|contador:inst9|inst  ; Clock      ; Clock    ; None                        ; None                      ; 7.500 ns                ;
; N/A                                     ; 109.89 MHz ( period = 9.100 ns )                    ; divisorDeFrequencia:inst4|contador:inst6|inst  ; divisorDeFrequencia:inst4|contador:inst9|inst5 ; Clock      ; Clock    ; None                        ; None                      ; 7.300 ns                ;
; N/A                                     ; 109.89 MHz ( period = 9.100 ns )                    ; divisorDeFrequencia:inst4|contador:inst6|inst  ; divisorDeFrequencia:inst4|contador:inst9|inst  ; Clock      ; Clock    ; None                        ; None                      ; 7.300 ns                ;
; N/A                                     ; 111.11 MHz ( period = 9.000 ns )                    ; divisorDeFrequencia:inst4|contador:inst5|inst5 ; divisorDeFrequencia:inst4|contador:inst9|inst5 ; Clock      ; Clock    ; None                        ; None                      ; 7.200 ns                ;
; N/A                                     ; 111.11 MHz ( period = 9.000 ns )                    ; divisorDeFrequencia:inst4|contador:inst5|inst5 ; divisorDeFrequencia:inst4|contador:inst9|inst  ; Clock      ; Clock    ; None                        ; None                      ; 7.200 ns                ;
; N/A                                     ; 114.94 MHz ( period = 8.700 ns )                    ; divisorDeFrequencia:inst4|contador:inst5|inst  ; divisorDeFrequencia:inst4|contador:inst7|inst  ; Clock      ; Clock    ; None                        ; None                      ; 6.900 ns                ;
; N/A                                     ; 117.65 MHz ( period = 8.500 ns )                    ; divisorDeFrequencia:inst4|contador:inst4|inst5 ; divisorDeFrequencia:inst4|contador:inst7|inst  ; Clock      ; Clock    ; None                        ; None                      ; 6.700 ns                ;
; N/A                                     ; 119.05 MHz ( period = 8.400 ns )                    ; divisorDeFrequencia:inst4|contador:inst8|inst  ; divisorDeFrequencia:inst4|contador:inst10|inst ; Clock      ; Clock    ; None                        ; None                      ; 6.600 ns                ;
; N/A                                     ; 119.05 MHz ( period = 8.400 ns )                    ; divisorDeFrequencia:inst4|contador:inst4|inst  ; divisorDeFrequencia:inst4|contador:inst7|inst  ; Clock      ; Clock    ; None                        ; None                      ; 6.600 ns                ;
; N/A                                     ; 120.48 MHz ( period = 8.300 ns )                    ; divisorDeFrequencia:inst4|contador:inst3|inst5 ; divisorDeFrequencia:inst4|contador:inst5|inst5 ; Clock      ; Clock    ; None                        ; None                      ; 6.500 ns                ;
; N/A                                     ; 120.48 MHz ( period = 8.300 ns )                    ; divisorDeFrequencia:inst4|contador:inst2|inst  ; divisorDeFrequencia:inst4|contador:inst4|inst  ; Clock      ; Clock    ; None                        ; None                      ; 6.500 ns                ;
; N/A                                     ; 121.95 MHz ( period = 8.200 ns )                    ; divisorDeFrequencia:inst4|contador:inst7|inst5 ; divisorDeFrequencia:inst4|contador:inst10|inst ; Clock      ; Clock    ; None                        ; None                      ; 6.400 ns                ;
; N/A                                     ; 123.46 MHz ( period = 8.100 ns )                    ; divisorDeFrequencia:inst4|contador:inst7|inst  ; divisorDeFrequencia:inst4|contador:inst10|inst ; Clock      ; Clock    ; None                        ; None                      ; 6.300 ns                ;
; N/A                                     ; 123.46 MHz ( period = 8.100 ns )                    ; divisorDeFrequencia:inst4|contador:inst3|inst  ; divisorDeFrequencia:inst4|contador:inst5|inst5 ; Clock      ; Clock    ; None                        ; None                      ; 6.300 ns                ;
; N/A                                     ; 123.46 MHz ( period = 8.100 ns )                    ; divisorDeFrequencia:inst4|contador:inst|inst5  ; divisorDeFrequencia:inst4|contador:inst4|inst  ; Clock      ; Clock    ; None                        ; None                      ; 6.300 ns                ;
; N/A                                     ; 125.00 MHz ( period = 8.000 ns )                    ; divisorDeFrequencia:inst4|contador:inst2|inst5 ; divisorDeFrequencia:inst4|contador:inst5|inst5 ; Clock      ; Clock    ; None                        ; None                      ; 6.200 ns                ;
; N/A                                     ; 125.00 MHz ( period = 8.000 ns )                    ; divisorDeFrequencia:inst4|contador:inst|inst   ; divisorDeFrequencia:inst4|contador:inst4|inst  ; Clock      ; Clock    ; None                        ; None                      ; 6.200 ns                ;
; N/A                                     ; 126.58 MHz ( period = 7.900 ns )                    ; divisorDeFrequencia:inst4|contador:inst6|inst5 ; divisorDeFrequencia:inst4|contador:inst8|inst  ; Clock      ; Clock    ; None                        ; None                      ; 6.100 ns                ;
; N/A                                     ; 126.58 MHz ( period = 7.900 ns )                    ; divisorDeFrequencia:inst4|contador:inst6|inst5 ; divisorDeFrequencia:inst4|contador:inst7|inst5 ; Clock      ; Clock    ; None                        ; None                      ; 6.100 ns                ;
; N/A                                     ; 128.21 MHz ( period = 7.800 ns )                    ; divisorDeFrequencia:inst4|contador:inst10|inst ; divisorDeFrequencia:inst4|contador:inst4|inst  ; Clock      ; Clock    ; None                        ; None                      ; 6.000 ns                ;
; N/A                                     ; 129.87 MHz ( period = 7.700 ns )                    ; divisorDeFrequencia:inst4|contador:inst6|inst  ; divisorDeFrequencia:inst4|contador:inst8|inst  ; Clock      ; Clock    ; None                        ; None                      ; 5.900 ns                ;
; N/A                                     ; 129.87 MHz ( period = 7.700 ns )                    ; divisorDeFrequencia:inst4|contador:inst6|inst  ; divisorDeFrequencia:inst4|contador:inst7|inst5 ; Clock      ; Clock    ; None                        ; None                      ; 5.900 ns                ;
; N/A                                     ; 131.58 MHz ( period = 7.600 ns )                    ; divisorDeFrequencia:inst4|contador:inst8|inst  ; divisorDeFrequencia:inst4|contador:inst9|inst5 ; Clock      ; Clock    ; None                        ; None                      ; 5.800 ns                ;
; N/A                                     ; 131.58 MHz ( period = 7.600 ns )                    ; divisorDeFrequencia:inst4|contador:inst8|inst  ; divisorDeFrequencia:inst4|contador:inst9|inst  ; Clock      ; Clock    ; None                        ; None                      ; 5.800 ns                ;
; N/A                                     ; 131.58 MHz ( period = 7.600 ns )                    ; divisorDeFrequencia:inst4|contador:inst5|inst5 ; divisorDeFrequencia:inst4|contador:inst8|inst  ; Clock      ; Clock    ; None                        ; None                      ; 5.800 ns                ;
; N/A                                     ; 131.58 MHz ( period = 7.600 ns )                    ; divisorDeFrequencia:inst4|contador:inst5|inst5 ; divisorDeFrequencia:inst4|contador:inst7|inst5 ; Clock      ; Clock    ; None                        ; None                      ; 5.800 ns                ;
; N/A                                     ; 133.33 MHz ( period = 7.500 ns )                    ; divisorDeFrequencia:inst4|contador:inst3|inst5 ; divisorDeFrequencia:inst4|contador:inst5|inst  ; Clock      ; Clock    ; None                        ; None                      ; 5.700 ns                ;
; N/A                                     ; 133.33 MHz ( period = 7.500 ns )                    ; divisorDeFrequencia:inst4|contador:inst3|inst5 ; divisorDeFrequencia:inst4|contador:inst4|inst5 ; Clock      ; Clock    ; None                        ; None                      ; 5.700 ns                ;
; N/A                                     ; 135.14 MHz ( period = 7.400 ns )                    ; divisorDeFrequencia:inst4|contador:inst7|inst5 ; divisorDeFrequencia:inst4|contador:inst9|inst5 ; Clock      ; Clock    ; None                        ; None                      ; 5.600 ns                ;
; N/A                                     ; 135.14 MHz ( period = 7.400 ns )                    ; divisorDeFrequencia:inst4|contador:inst7|inst5 ; divisorDeFrequencia:inst4|contador:inst9|inst  ; Clock      ; Clock    ; None                        ; None                      ; 5.600 ns                ;
; N/A                                     ; 135.14 MHz ( period = 7.400 ns )                    ; divisorDeFrequencia:inst4|contador:inst6|inst5 ; divisorDeFrequencia:inst4|contador:inst8|inst5 ; Clock      ; Clock    ; None                        ; None                      ; 5.600 ns                ;
; N/A                                     ; 135.14 MHz ( period = 7.400 ns )                    ; divisorDeFrequencia:inst4|contador:inst5|inst  ; divisorDeFrequencia:inst4|contador:inst6|inst5 ; Clock      ; Clock    ; None                        ; None                      ; 5.600 ns                ;
; N/A                                     ; 135.14 MHz ( period = 7.400 ns )                    ; divisorDeFrequencia:inst4|contador:inst5|inst  ; divisorDeFrequencia:inst4|contador:inst6|inst  ; Clock      ; Clock    ; None                        ; None                      ; 5.600 ns                ;
; N/A                                     ; 135.14 MHz ( period = 7.400 ns )                    ; divisorDeFrequencia:inst4|contador:inst2|inst  ; divisorDeFrequencia:inst4|contador:inst3|inst5 ; Clock      ; Clock    ; None                        ; None                      ; 5.600 ns                ;
; N/A                                     ; 135.14 MHz ( period = 7.400 ns )                    ; divisorDeFrequencia:inst4|contador:inst2|inst  ; divisorDeFrequencia:inst4|contador:inst3|inst  ; Clock      ; Clock    ; None                        ; None                      ; 5.600 ns                ;
; N/A                                     ; 136.99 MHz ( period = 7.300 ns )                    ; divisorDeFrequencia:inst4|contador:inst7|inst  ; divisorDeFrequencia:inst4|contador:inst9|inst5 ; Clock      ; Clock    ; None                        ; None                      ; 5.500 ns                ;
; N/A                                     ; 136.99 MHz ( period = 7.300 ns )                    ; divisorDeFrequencia:inst4|contador:inst7|inst  ; divisorDeFrequencia:inst4|contador:inst9|inst  ; Clock      ; Clock    ; None                        ; None                      ; 5.500 ns                ;
; N/A                                     ; 136.99 MHz ( period = 7.300 ns )                    ; divisorDeFrequencia:inst4|contador:inst3|inst  ; divisorDeFrequencia:inst4|contador:inst5|inst  ; Clock      ; Clock    ; None                        ; None                      ; 5.500 ns                ;
; N/A                                     ; 136.99 MHz ( period = 7.300 ns )                    ; divisorDeFrequencia:inst4|contador:inst3|inst  ; divisorDeFrequencia:inst4|contador:inst4|inst5 ; Clock      ; Clock    ; None                        ; None                      ; 5.500 ns                ;
; N/A                                     ; 138.89 MHz ( period = 7.200 ns )                    ; divisorDeFrequencia:inst4|contador:inst6|inst  ; divisorDeFrequencia:inst4|contador:inst8|inst5 ; Clock      ; Clock    ; None                        ; None                      ; 5.400 ns                ;
; N/A                                     ; 138.89 MHz ( period = 7.200 ns )                    ; divisorDeFrequencia:inst4|contador:inst4|inst5 ; divisorDeFrequencia:inst4|contador:inst6|inst5 ; Clock      ; Clock    ; None                        ; None                      ; 5.400 ns                ;
; N/A                                     ; 138.89 MHz ( period = 7.200 ns )                    ; divisorDeFrequencia:inst4|contador:inst4|inst5 ; divisorDeFrequencia:inst4|contador:inst6|inst  ; Clock      ; Clock    ; None                        ; None                      ; 5.400 ns                ;
; N/A                                     ; 138.89 MHz ( period = 7.200 ns )                    ; divisorDeFrequencia:inst4|contador:inst2|inst5 ; divisorDeFrequencia:inst4|contador:inst5|inst  ; Clock      ; Clock    ; None                        ; None                      ; 5.400 ns                ;
; N/A                                     ; 138.89 MHz ( period = 7.200 ns )                    ; divisorDeFrequencia:inst4|contador:inst2|inst5 ; divisorDeFrequencia:inst4|contador:inst4|inst5 ; Clock      ; Clock    ; None                        ; None                      ; 5.400 ns                ;
; N/A                                     ; 138.89 MHz ( period = 7.200 ns )                    ; divisorDeFrequencia:inst4|contador:inst|inst5  ; divisorDeFrequencia:inst4|contador:inst3|inst5 ; Clock      ; Clock    ; None                        ; None                      ; 5.400 ns                ;
; N/A                                     ; 138.89 MHz ( period = 7.200 ns )                    ; divisorDeFrequencia:inst4|contador:inst|inst5  ; divisorDeFrequencia:inst4|contador:inst3|inst  ; Clock      ; Clock    ; None                        ; None                      ; 5.400 ns                ;
; N/A                                     ; 140.85 MHz ( period = 7.100 ns )                    ; divisorDeFrequencia:inst4|contador:inst5|inst5 ; divisorDeFrequencia:inst4|contador:inst8|inst5 ; Clock      ; Clock    ; None                        ; None                      ; 5.300 ns                ;
; N/A                                     ; 140.85 MHz ( period = 7.100 ns )                    ; divisorDeFrequencia:inst4|contador:inst4|inst  ; divisorDeFrequencia:inst4|contador:inst6|inst5 ; Clock      ; Clock    ; None                        ; None                      ; 5.300 ns                ;
; N/A                                     ; 140.85 MHz ( period = 7.100 ns )                    ; divisorDeFrequencia:inst4|contador:inst4|inst  ; divisorDeFrequencia:inst4|contador:inst6|inst  ; Clock      ; Clock    ; None                        ; None                      ; 5.300 ns                ;
; N/A                                     ; 140.85 MHz ( period = 7.100 ns )                    ; divisorDeFrequencia:inst4|contador:inst|inst   ; divisorDeFrequencia:inst4|contador:inst3|inst5 ; Clock      ; Clock    ; None                        ; None                      ; 5.300 ns                ;
; N/A                                     ; 140.85 MHz ( period = 7.100 ns )                    ; divisorDeFrequencia:inst4|contador:inst|inst   ; divisorDeFrequencia:inst4|contador:inst3|inst  ; Clock      ; Clock    ; None                        ; None                      ; 5.300 ns                ;
; N/A                                     ; 144.93 MHz ( period = 6.900 ns )                    ; divisorDeFrequencia:inst4|contador:inst10|inst ; divisorDeFrequencia:inst4|contador:inst3|inst5 ; Clock      ; Clock    ; None                        ; None                      ; 5.100 ns                ;
; N/A                                     ; 144.93 MHz ( period = 6.900 ns )                    ; divisorDeFrequencia:inst4|contador:inst10|inst ; divisorDeFrequencia:inst4|contador:inst3|inst  ; Clock      ; Clock    ; None                        ; None                      ; 5.100 ns                ;
; N/A                                     ; 166.67 MHz ( period = 6.000 ns )                    ; divisorDeFrequencia:inst4|contador:inst6|inst5 ; divisorDeFrequencia:inst4|contador:inst7|inst  ; Clock      ; Clock    ; None                        ; None                      ; 4.200 ns                ;
; N/A                                     ; 172.41 MHz ( period = 5.800 ns )                    ; divisorDeFrequencia:inst4|contador:inst6|inst  ; divisorDeFrequencia:inst4|contador:inst7|inst  ; Clock      ; Clock    ; None                        ; None                      ; 4.000 ns                ;
; N/A                                     ; 175.44 MHz ( period = 5.700 ns )                    ; divisorDeFrequencia:inst4|contador:inst8|inst  ; divisorDeFrequencia:inst4|contador:inst8|inst5 ; Clock      ; Clock    ; None                        ; None                      ; 3.900 ns                ;
; N/A                                     ; 175.44 MHz ( period = 5.700 ns )                    ; divisorDeFrequencia:inst4|contador:inst5|inst5 ; divisorDeFrequencia:inst4|contador:inst7|inst  ; Clock      ; Clock    ; None                        ; None                      ; 3.900 ns                ;
; N/A                                     ; 178.57 MHz ( period = 5.600 ns )                    ; divisorDeFrequencia:inst4|contador:inst3|inst5 ; divisorDeFrequencia:inst4|contador:inst4|inst  ; Clock      ; Clock    ; None                        ; None                      ; 3.800 ns                ;
; N/A                                     ; 181.82 MHz ( period = 5.500 ns )                    ; divisorDeFrequencia:inst4|contador:inst9|inst5 ; divisorDeFrequencia:inst4|contador:inst10|inst ; Clock      ; Clock    ; None                        ; None                      ; 3.700 ns                ;
; N/A                                     ; 181.82 MHz ( period = 5.500 ns )                    ; divisorDeFrequencia:inst4|contador:inst7|inst5 ; divisorDeFrequencia:inst4|contador:inst8|inst5 ; Clock      ; Clock    ; None                        ; None                      ; 3.700 ns                ;
; N/A                                     ; 181.82 MHz ( period = 5.500 ns )                    ; divisorDeFrequencia:inst4|contador:inst5|inst  ; divisorDeFrequencia:inst4|contador:inst5|inst5 ; Clock      ; Clock    ; None                        ; None                      ; 3.700 ns                ;
; N/A                                     ; 181.82 MHz ( period = 5.500 ns )                    ; divisorDeFrequencia:inst4|contador:inst2|inst  ; divisorDeFrequencia:inst4|contador:inst2|inst5 ; Clock      ; Clock    ; None                        ; None                      ; 3.700 ns                ;
; N/A                                     ; 185.19 MHz ( period = 5.400 ns )                    ; divisorDeFrequencia:inst4|contador:inst7|inst  ; divisorDeFrequencia:inst4|contador:inst8|inst5 ; Clock      ; Clock    ; None                        ; None                      ; 3.600 ns                ;
; N/A                                     ; 185.19 MHz ( period = 5.400 ns )                    ; divisorDeFrequencia:inst4|contador:inst3|inst  ; divisorDeFrequencia:inst4|contador:inst4|inst  ; Clock      ; Clock    ; None                        ; None                      ; 3.600 ns                ;
; N/A                                     ; 188.68 MHz ( period = 5.300 ns )                    ; divisorDeFrequencia:inst4|contador:inst9|inst  ; divisorDeFrequencia:inst4|contador:inst10|inst ; Clock      ; Clock    ; None                        ; None                      ; 3.500 ns                ;
; N/A                                     ; 188.68 MHz ( period = 5.300 ns )                    ; divisorDeFrequencia:inst4|contador:inst4|inst5 ; divisorDeFrequencia:inst4|contador:inst5|inst5 ; Clock      ; Clock    ; None                        ; None                      ; 3.500 ns                ;
; N/A                                     ; 188.68 MHz ( period = 5.300 ns )                    ; divisorDeFrequencia:inst4|contador:inst2|inst5 ; divisorDeFrequencia:inst4|contador:inst4|inst  ; Clock      ; Clock    ; None                        ; None                      ; 3.500 ns                ;
; N/A                                     ; 188.68 MHz ( period = 5.300 ns )                    ; divisorDeFrequencia:inst4|contador:inst|inst5  ; divisorDeFrequencia:inst4|contador:inst2|inst5 ; Clock      ; Clock    ; None                        ; None                      ; 3.500 ns                ;
; N/A                                     ; 192.31 MHz ( period = 5.200 ns )                    ; divisorDeFrequencia:inst4|contador:inst8|inst5 ; divisorDeFrequencia:inst4|contador:inst10|inst ; Clock      ; Clock    ; None                        ; None                      ; 3.400 ns                ;
; N/A                                     ; 192.31 MHz ( period = 5.200 ns )                    ; divisorDeFrequencia:inst4|contador:inst4|inst  ; divisorDeFrequencia:inst4|contador:inst5|inst5 ; Clock      ; Clock    ; None                        ; None                      ; 3.400 ns                ;
; N/A                                     ; 192.31 MHz ( period = 5.200 ns )                    ; divisorDeFrequencia:inst4|contador:inst|inst   ; divisorDeFrequencia:inst4|contador:inst2|inst5 ; Clock      ; Clock    ; None                        ; None                      ; 3.400 ns                ;
; N/A                                     ; 200.00 MHz ( period = 5.000 ns )                    ; divisorDeFrequencia:inst4|contador:inst10|inst ; divisorDeFrequencia:inst4|contador:inst2|inst5 ; Clock      ; Clock    ; None                        ; None                      ; 3.200 ns                ;
; N/A                                     ; Restricted to 200.00 MHz ( period = 5.000 ns )      ; divisorDeFrequencia:inst4|contador:inst9|inst  ; divisorDeFrequencia:inst4|contador:inst9|inst5 ; Clock      ; Clock    ; None                        ; None                      ; 2.700 ns                ;
; N/A                                     ; Restricted to 200.00 MHz ( period = 5.000 ns )      ; divisorDeFrequencia:inst4|contador:inst7|inst5 ; divisorDeFrequencia:inst4|contador:inst8|inst  ; Clock      ; Clock    ; None                        ; None                      ; 2.700 ns                ;
; N/A                                     ; Restricted to 200.00 MHz ( period = 5.000 ns )      ; divisorDeFrequencia:inst4|contador:inst6|inst  ; divisorDeFrequencia:inst4|contador:inst6|inst5 ; Clock      ; Clock    ; None                        ; None                      ; 2.700 ns                ;
; N/A                                     ; Restricted to 200.00 MHz ( period = 5.000 ns )      ; divisorDeFrequencia:inst4|contador:inst4|inst5 ; divisorDeFrequencia:inst4|contador:inst5|inst  ; Clock      ; Clock    ; None                        ; None                      ; 2.700 ns                ;
; N/A                                     ; Restricted to 200.00 MHz ( period = 5.000 ns )      ; divisorDeFrequencia:inst4|contador:inst3|inst  ; divisorDeFrequencia:inst4|contador:inst3|inst5 ; Clock      ; Clock    ; None                        ; None                      ; 2.700 ns                ;
; N/A                                     ; Restricted to 200.00 MHz ( period = 5.000 ns )      ; divisorDeFrequencia:inst4|contador:inst|inst5  ; divisorDeFrequencia:inst4|contador:inst2|inst  ; Clock      ; Clock    ; None                        ; None                      ; 2.700 ns                ;
; N/A                                     ; Restricted to 200.00 MHz ( period = 5.000 ns )      ; divisorDeFrequencia:inst4|contador:inst8|inst5 ; divisorDeFrequencia:inst4|contador:inst9|inst5 ; Clock      ; Clock    ; None                        ; None                      ; 2.600 ns                ;
; N/A                                     ; Restricted to 200.00 MHz ( period = 5.000 ns )      ; divisorDeFrequencia:inst4|contador:inst8|inst5 ; divisorDeFrequencia:inst4|contador:inst9|inst  ; Clock      ; Clock    ; None                        ; None                      ; 2.600 ns                ;
; N/A                                     ; Restricted to 200.00 MHz ( period = 5.000 ns )      ; divisorDeFrequencia:inst4|contador:inst7|inst  ; divisorDeFrequencia:inst4|contador:inst8|inst  ; Clock      ; Clock    ; None                        ; None                      ; 2.600 ns                ;
; N/A                                     ; Restricted to 200.00 MHz ( period = 5.000 ns )      ; divisorDeFrequencia:inst4|contador:inst7|inst  ; divisorDeFrequencia:inst4|contador:inst7|inst5 ; Clock      ; Clock    ; None                        ; None                      ; 2.600 ns                ;
; N/A                                     ; Restricted to 200.00 MHz ( period = 5.000 ns )      ; divisorDeFrequencia:inst4|contador:inst5|inst5 ; divisorDeFrequencia:inst4|contador:inst6|inst5 ; Clock      ; Clock    ; None                        ; None                      ; 2.600 ns                ;
; N/A                                     ; Restricted to 200.00 MHz ( period = 5.000 ns )      ; divisorDeFrequencia:inst4|contador:inst5|inst5 ; divisorDeFrequencia:inst4|contador:inst6|inst  ; Clock      ; Clock    ; None                        ; None                      ; 2.600 ns                ;
; N/A                                     ; Restricted to 200.00 MHz ( period = 5.000 ns )      ; divisorDeFrequencia:inst4|contador:inst4|inst  ; divisorDeFrequencia:inst4|contador:inst5|inst  ; Clock      ; Clock    ; None                        ; None                      ; 2.600 ns                ;
; N/A                                     ; Restricted to 200.00 MHz ( period = 5.000 ns )      ; divisorDeFrequencia:inst4|contador:inst4|inst  ; divisorDeFrequencia:inst4|contador:inst4|inst5 ; Clock      ; Clock    ; None                        ; None                      ; 2.600 ns                ;
; N/A                                     ; Restricted to 200.00 MHz ( period = 5.000 ns )      ; divisorDeFrequencia:inst4|contador:inst2|inst5 ; divisorDeFrequencia:inst4|contador:inst3|inst5 ; Clock      ; Clock    ; None                        ; None                      ; 2.600 ns                ;
; N/A                                     ; Restricted to 200.00 MHz ( period = 5.000 ns )      ; divisorDeFrequencia:inst4|contador:inst2|inst5 ; divisorDeFrequencia:inst4|contador:inst3|inst  ; Clock      ; Clock    ; None                        ; None                      ; 2.600 ns                ;
; N/A                                     ; Restricted to 200.00 MHz ( period = 5.000 ns )      ; divisorDeFrequencia:inst4|contador:inst|inst   ; divisorDeFrequencia:inst4|contador:inst2|inst  ; Clock      ; Clock    ; None                        ; None                      ; 2.600 ns                ;
; N/A                                     ; Restricted to 200.00 MHz ( period = 5.000 ns )      ; divisorDeFrequencia:inst4|contador:inst|inst   ; divisorDeFrequencia:inst4|contador:inst|inst5  ; Clock      ; Clock    ; None                        ; None                      ; 2.600 ns                ;
; N/A                                     ; Restricted to 200.00 MHz ( period = 5.000 ns )      ; divisorDeFrequencia:inst4|contador:inst10|inst ; divisorDeFrequencia:inst4|contador:inst2|inst  ; Clock      ; Clock    ; None                        ; None                      ; 2.400 ns                ;
; N/A                                     ; Restricted to 200.00 MHz ( period = 5.000 ns )      ; divisorDeFrequencia:inst4|contador:inst10|inst ; divisorDeFrequencia:inst4|contador:inst|inst5  ; Clock      ; Clock    ; None                        ; None                      ; 2.400 ns                ;
; N/A                                     ; Restricted to 200.00 MHz ( period = 5.000 ns )      ; inst3                                          ; inst                                           ; Clock      ; Clock    ; None                        ; None                      ; 2.300 ns                ;
; N/A                                     ; Restricted to 200.00 MHz ( period = 5.000 ns )      ; divisorDeFrequencia:inst4|contador:inst10|inst ; divisorDeFrequencia:inst4|contador:inst|inst   ; Clock      ; Clock    ; None                        ; None                      ; 1.400 ns                ;
; N/A                                     ; Restricted to 200.00 MHz ( period = 5.000 ns )      ; divisorDeFrequencia:inst4|contador:inst5|inst5 ; divisorDeFrequencia:inst4|contador:inst5|inst5 ; Clock      ; Clock    ; None                        ; None                      ; 1.200 ns                ;
; N/A                                     ; Restricted to 200.00 MHz ( period = 5.000 ns )      ; divisorDeFrequencia:inst4|contador:inst5|inst  ; divisorDeFrequencia:inst4|contador:inst5|inst  ; Clock      ; Clock    ; None                        ; None                      ; 1.200 ns                ;
; N/A                                     ; Restricted to 200.00 MHz ( period = 5.000 ns )      ; divisorDeFrequencia:inst4|contador:inst4|inst5 ; divisorDeFrequencia:inst4|contador:inst4|inst5 ; Clock      ; Clock    ; None                        ; None                      ; 1.200 ns                ;
; N/A                                     ; Restricted to 200.00 MHz ( period = 5.000 ns )      ; divisorDeFrequencia:inst4|contador:inst4|inst  ; divisorDeFrequencia:inst4|contador:inst4|inst  ; Clock      ; Clock    ; None                        ; None                      ; 1.200 ns                ;
; N/A                                     ; Restricted to 200.00 MHz ( period = 5.000 ns )      ; divisorDeFrequencia:inst4|contador:inst3|inst5 ; divisorDeFrequencia:inst4|contador:inst3|inst5 ; Clock      ; Clock    ; None                        ; None                      ; 1.200 ns                ;
; N/A                                     ; Restricted to 200.00 MHz ( period = 5.000 ns )      ; divisorDeFrequencia:inst4|contador:inst3|inst  ; divisorDeFrequencia:inst4|contador:inst3|inst  ; Clock      ; Clock    ; None                        ; None                      ; 1.200 ns                ;
; N/A                                     ; Restricted to 200.00 MHz ( period = 5.000 ns )      ; divisorDeFrequencia:inst4|contador:inst2|inst5 ; divisorDeFrequencia:inst4|contador:inst2|inst5 ; Clock      ; Clock    ; None                        ; None                      ; 1.200 ns                ;
; N/A                                     ; Restricted to 200.00 MHz ( period = 5.000 ns )      ; divisorDeFrequencia:inst4|contador:inst2|inst  ; divisorDeFrequencia:inst4|contador:inst2|inst  ; Clock      ; Clock    ; None                        ; None                      ; 1.200 ns                ;
; N/A                                     ; Restricted to 200.00 MHz ( period = 5.000 ns )      ; divisorDeFrequencia:inst4|contador:inst|inst5  ; divisorDeFrequencia:inst4|contador:inst|inst5  ; Clock      ; Clock    ; None                        ; None                      ; 1.200 ns                ;
; Timing analysis restricted to 200 rows. ; To change the limit use Settings (Assignments menu) ;                                                ;                                                ;            ;          ;                             ;                           ;                         ;
+-----------------------------------------+-----------------------------------------------------+------------------------------------------------+------------------------------------------------+------------+----------+-----------------------------+---------------------------+-------------------------+


+---------------------------------------------------------------+
; tsu                                                           ;
+-------+--------------+------------+--------+-------+----------+
; Slack ; Required tsu ; Actual tsu ; From   ; To    ; To Clock ;
+-------+--------------+------------+--------+-------+----------+
; N/A   ; None         ; 1.900 ns   ; button ; inst2 ; Clock    ;
+-------+--------------+------------+--------+-------+----------+


+-------------------------------------------------------------------+
; tco                                                               ;
+-------+--------------+------------+------+-----------+------------+
; Slack ; Required tco ; Actual tco ; From ; To        ; From Clock ;
+-------+--------------+------------+------+-----------+------------+
; N/A   ; None         ; 12.300 ns  ; inst ; debounced ; Clock      ;
+-------+--------------+------------+------+-----------+------------+


+---------------------------------------------------------------------+
; th                                                                  ;
+---------------+-------------+-----------+--------+-------+----------+
; Minimum Slack ; Required th ; Actual th ; From   ; To    ; To Clock ;
+---------------+-------------+-----------+--------+-------+----------+
; N/A           ; None        ; -0.300 ns ; button ; inst2 ; Clock    ;
+---------------+-------------+-----------+--------+-------+----------+


+--------------------------+
; Timing Analyzer Messages ;
+--------------------------+
Info: *******************************************************************
Info: Running Quartus II Classic Timing Analyzer
    Info: Version 9.0 Build 235 06/17/2009 Service Pack 2 SJ Web Edition
    Info: Processing started: Thu Sep 19 02:55:58 2019
Info: Command: quartus_tan --read_settings_files=off --write_settings_files=off debouncer -c debouncer
Info: Started post-fitting delay annotation
Info: Delay annotation completed successfully
Warning: Found pins functioning as undefined clocks and/or memory enables
    Info: Assuming node "Clock" is an undefined clock
Info: Clock "Clock" has Internal fmax of 54.64 MHz between source register "divisorDeFrequencia:inst4|contador:inst2|inst" and destination register "divisorDeFrequencia:inst4|contador:inst10|inst" (period= 18.3 ns)
    Info: + Longest register to register delay is 16.500 ns
        Info: 1: + IC(0.000 ns) + CELL(0.000 ns) = 0.000 ns; Loc. = LC3_K3; Fanout = 2; REG Node = 'divisorDeFrequencia:inst4|contador:inst2|inst'
        Info: 2: + IC(0.200 ns) + CELL(2.200 ns) = 2.400 ns; Loc. = LC1_K3; Fanout = 4; COMB Node = 'divisorDeFrequencia:inst4|contador:inst2|inst4~0'
        Info: 3: + IC(1.000 ns) + CELL(1.700 ns) = 5.100 ns; Loc. = LC1_K4; Fanout = 4; COMB Node = 'divisorDeFrequencia:inst4|contador:inst3|inst7'
        Info: 4: + IC(1.100 ns) + CELL(1.700 ns) = 7.900 ns; Loc. = LC1_K6; Fanout = 4; COMB Node = 'divisorDeFrequencia:inst4|contador:inst5|inst4~0'
        Info: 5: + IC(1.000 ns) + CELL(1.700 ns) = 10.600 ns; Loc. = LC1_K5; Fanout = 4; COMB Node = 'divisorDeFrequencia:inst4|contador:inst6|inst7'
        Info: 6: + IC(1.000 ns) + CELL(1.700 ns) = 13.300 ns; Loc. = LC5_K2; Fanout = 4; COMB Node = 'divisorDeFrequencia:inst4|contador:inst8|inst4~0'
        Info: 7: + IC(0.200 ns) + CELL(1.700 ns) = 15.200 ns; Loc. = LC1_K2; Fanout = 1; COMB Node = 'divisorDeFrequencia:inst4|contador:inst9|inst7'
        Info: 8: + IC(1.000 ns) + CELL(0.300 ns) = 16.500 ns; Loc. = LC2_K3; Fanout = 6; REG Node = 'divisorDeFrequencia:inst4|contador:inst10|inst'
        Info: Total cell delay = 11.000 ns ( 66.67 % )
        Info: Total interconnect delay = 5.500 ns ( 33.33 % )
    Info: - Smallest clock skew is 0.000 ns
        Info: + Shortest clock path from clock "Clock" to destination register is 1.900 ns
            Info: 1: + IC(0.000 ns) + CELL(0.500 ns) = 0.500 ns; Loc. = PIN_79; Fanout = 22; CLK Node = 'Clock'
            Info: 2: + IC(1.400 ns) + CELL(0.000 ns) = 1.900 ns; Loc. = LC2_K3; Fanout = 6; REG Node = 'divisorDeFrequencia:inst4|contador:inst10|inst'
            Info: Total cell delay = 0.500 ns ( 26.32 % )
            Info: Total interconnect delay = 1.400 ns ( 73.68 % )
        Info: - Longest clock path from clock "Clock" to source register is 1.900 ns
            Info: 1: + IC(0.000 ns) + CELL(0.500 ns) = 0.500 ns; Loc. = PIN_79; Fanout = 22; CLK Node = 'Clock'
            Info: 2: + IC(1.400 ns) + CELL(0.000 ns) = 1.900 ns; Loc. = LC3_K3; Fanout = 2; REG Node = 'divisorDeFrequencia:inst4|contador:inst2|inst'
            Info: Total cell delay = 0.500 ns ( 26.32 % )
            Info: Total interconnect delay = 1.400 ns ( 73.68 % )
    Info: + Micro clock to output delay of source is 1.100 ns
    Info: + Micro setup delay of destination is 0.700 ns
Info: tsu for register "inst2" (data pin = "button", clock pin = "Clock") is 1.900 ns
    Info: + Longest pin to register delay is 3.100 ns
        Info: 1: + IC(0.000 ns) + CELL(0.500 ns) = 0.500 ns; Loc. = PIN_182; Fanout = 1; PIN Node = 'button'
        Info: 2: + IC(1.600 ns) + CELL(1.000 ns) = 3.100 ns; Loc. = LC2_K23; Fanout = 2; REG Node = 'inst2'
        Info: Total cell delay = 1.500 ns ( 48.39 % )
        Info: Total interconnect delay = 1.600 ns ( 51.61 % )
    Info: + Micro setup delay of destination is 0.700 ns
    Info: - Shortest clock path from clock "Clock" to destination register is 1.900 ns
        Info: 1: + IC(0.000 ns) + CELL(0.500 ns) = 0.500 ns; Loc. = PIN_79; Fanout = 22; CLK Node = 'Clock'
        Info: 2: + IC(1.400 ns) + CELL(0.000 ns) = 1.900 ns; Loc. = LC2_K23; Fanout = 2; REG Node = 'inst2'
        Info: Total cell delay = 0.500 ns ( 26.32 % )
        Info: Total interconnect delay = 1.400 ns ( 73.68 % )
Info: tco from clock "Clock" to destination pin "debounced" through register "inst" is 12.300 ns
    Info: + Longest clock path from clock "Clock" to source register is 1.900 ns
        Info: 1: + IC(0.000 ns) + CELL(0.500 ns) = 0.500 ns; Loc. = PIN_79; Fanout = 22; CLK Node = 'Clock'
        Info: 2: + IC(1.400 ns) + CELL(0.000 ns) = 1.900 ns; Loc. = LC5_K3; Fanout = 1; REG Node = 'inst'
        Info: Total cell delay = 0.500 ns ( 26.32 % )
        Info: Total interconnect delay = 1.400 ns ( 73.68 % )
    Info: + Micro clock to output delay of source is 1.100 ns
    Info: + Longest register to pin delay is 9.300 ns
        Info: 1: + IC(0.000 ns) + CELL(0.000 ns) = 0.000 ns; Loc. = LC5_K3; Fanout = 1; REG Node = 'inst'
        Info: 2: + IC(0.700 ns) + CELL(8.600 ns) = 9.300 ns; Loc. = PIN_113; Fanout = 0; PIN Node = 'debounced'
        Info: Total cell delay = 8.600 ns ( 92.47 % )
        Info: Total interconnect delay = 0.700 ns ( 7.53 % )
Info: th for register "inst2" (data pin = "button", clock pin = "Clock") is -0.300 ns
    Info: + Longest clock path from clock "Clock" to destination register is 1.900 ns
        Info: 1: + IC(0.000 ns) + CELL(0.500 ns) = 0.500 ns; Loc. = PIN_79; Fanout = 22; CLK Node = 'Clock'
        Info: 2: + IC(1.400 ns) + CELL(0.000 ns) = 1.900 ns; Loc. = LC2_K23; Fanout = 2; REG Node = 'inst2'
        Info: Total cell delay = 0.500 ns ( 26.32 % )
        Info: Total interconnect delay = 1.400 ns ( 73.68 % )
    Info: + Micro hold delay of destination is 0.900 ns
    Info: - Shortest pin to register delay is 3.100 ns
        Info: 1: + IC(0.000 ns) + CELL(0.500 ns) = 0.500 ns; Loc. = PIN_182; Fanout = 1; PIN Node = 'button'
        Info: 2: + IC(1.600 ns) + CELL(1.000 ns) = 3.100 ns; Loc. = LC2_K23; Fanout = 2; REG Node = 'inst2'
        Info: Total cell delay = 1.500 ns ( 48.39 % )
        Info: Total interconnect delay = 1.600 ns ( 51.61 % )
Info: Quartus II Classic Timing Analyzer was successful. 0 errors, 1 warning
    Info: Peak virtual memory: 182 megabytes
    Info: Processing ended: Thu Sep 19 02:55:59 2019
    Info: Elapsed time: 00:00:01
    Info: Total CPU time (on all processors): 00:00:01


