Classic Timing Analyzer report for contador
Fri Sep 06 10:43:35 2019
Quartus II Version 9.0 Build 235 06/17/2009 Service Pack 2 SJ Web Edition


---------------------
; Table of Contents ;
---------------------
  1. Legal Notice
  2. Timing Analyzer Summary
  3. Timing Analyzer Settings
  4. Clock Settings Summary
  5. Parallel Compilation
  6. Clock Setup: 'CLK'
  7. tsu
  8. tco
  9. tpd
 10. th
 11. Timing Analyzer Messages



----------------
; Legal Notice ;
----------------
Copyright (C) 1991-2009 Altera Corporation
Your use of Altera Corporation's design tools, logic functions 
and other software and tools, and its AMPP partner logic 
functions, and any output files from any of the foregoing 
(including device programming or simulation files), and any 
associated documentation or information are expressly subject 
to the terms and conditions of the Altera Program License 
Subscription Agreement, Altera MegaCore Function License 
Agreement, or other applicable license agreement, including, 
without limitation, that your use is for the sole purpose of 
programming logic devices manufactured by Altera and sold by 
Altera or its authorized distributors.  Please refer to the 
applicable agreement for further details.



+--------------------------------------------------------------------------------------------------------------------------------------------------------------+
; Timing Analyzer Summary                                                                                                                                      ;
+------------------------------+-------+---------------+------------------------------------------------+-------+-------+------------+----------+--------------+
; Type                         ; Slack ; Required Time ; Actual Time                                    ; From  ; To    ; From Clock ; To Clock ; Failed Paths ;
+------------------------------+-------+---------------+------------------------------------------------+-------+-------+------------+----------+--------------+
; Worst-case tsu               ; N/A   ; None          ; 3.500 ns                                       ; CE    ; inst5 ; --         ; CLK      ; 0            ;
; Worst-case tco               ; N/A   ; None          ; 15.000 ns                                      ; inst5 ; CEO   ; CLK        ; --       ; 0            ;
; Worst-case tpd               ; N/A   ; None          ; 13.800 ns                                      ; CE    ; CEO   ; --         ; --       ; 0            ;
; Worst-case th                ; N/A   ; None          ; 0.200 ns                                       ; CE    ; inst  ; --         ; CLK      ; 0            ;
; Clock Setup: 'CLK'           ; N/A   ; None          ; Restricted to 200.00 MHz ( period = 5.000 ns ) ; inst  ; inst5 ; CLK        ; CLK      ; 0            ;
; Total number of failed paths ;       ;               ;                                                ;       ;       ;            ;          ; 0            ;
+------------------------------+-------+---------------+------------------------------------------------+-------+-------+------------+----------+--------------+


+--------------------------------------------------------------------------------------------------------------------+
; Timing Analyzer Settings                                                                                           ;
+---------------------------------------------------------------------+--------------------+------+----+-------------+
; Option                                                              ; Setting            ; From ; To ; Entity Name ;
+---------------------------------------------------------------------+--------------------+------+----+-------------+
; Device Name                                                         ; EP1K100QC208-3     ;      ;    ;             ;
; Timing Models                                                       ; Final              ;      ;    ;             ;
; Default hold multicycle                                             ; Same as Multicycle ;      ;    ;             ;
; Cut paths between unrelated clock domains                           ; On                 ;      ;    ;             ;
; Cut off read during write signal paths                              ; On                 ;      ;    ;             ;
; Cut off feedback from I/O pins                                      ; On                 ;      ;    ;             ;
; Report Combined Fast/Slow Timing                                    ; Off                ;      ;    ;             ;
; Ignore Clock Settings                                               ; Off                ;      ;    ;             ;
; Analyze latches as synchronous elements                             ; On                 ;      ;    ;             ;
; Enable Recovery/Removal analysis                                    ; Off                ;      ;    ;             ;
; Enable Clock Latency                                                ; Off                ;      ;    ;             ;
; Use TimeQuest Timing Analyzer                                       ; Off                ;      ;    ;             ;
; Minimum Core Junction Temperature                                   ; 0                  ;      ;    ;             ;
; Maximum Core Junction Temperature                                   ; 85                 ;      ;    ;             ;
; Number of source nodes to report per destination node               ; 10                 ;      ;    ;             ;
; Number of destination nodes to report                               ; 10                 ;      ;    ;             ;
; Number of paths to report                                           ; 200                ;      ;    ;             ;
; Report Minimum Timing Checks                                        ; Off                ;      ;    ;             ;
; Use Fast Timing Models                                              ; Off                ;      ;    ;             ;
; Report IO Paths Separately                                          ; Off                ;      ;    ;             ;
; Perform Multicorner Analysis                                        ; Off                ;      ;    ;             ;
; Reports the worst-case path for each clock domain and analysis      ; Off                ;      ;    ;             ;
; Removes common clock path pessimism (CCPP) during slack computation ; Off                ;      ;    ;             ;
; Output I/O Timing Endpoint                                          ; Near End           ;      ;    ;             ;
+---------------------------------------------------------------------+--------------------+------+----+-------------+


+------------------------------------------------------------------------------------------------------------------------------------------------------------------------------------+
; Clock Settings Summary                                                                                                                                                             ;
+-----------------+--------------------+----------+------------------+---------------+--------------+----------+-----------------------+---------------------+--------+--------------+
; Clock Node Name ; Clock Setting Name ; Type     ; Fmax Requirement ; Early Latency ; Late Latency ; Based on ; Multiply Base Fmax by ; Divide Base Fmax by ; Offset ; Phase offset ;
+-----------------+--------------------+----------+------------------+---------------+--------------+----------+-----------------------+---------------------+--------+--------------+
; CLK             ;                    ; User Pin ; None             ; 0.000 ns      ; 0.000 ns     ; --       ; N/A                   ; N/A                 ; N/A    ;              ;
+-----------------+--------------------+----------+------------------+---------------+--------------+----------+-----------------------+---------------------+--------+--------------+


Parallel compilation was disabled, but you have multiple processors available. Enable parallel compilation to reduce compilation time.
+-------------------------------------+
; Parallel Compilation                ;
+----------------------------+--------+
; Processors                 ; Number ;
+----------------------------+--------+
; Number detected on machine ; 2      ;
; Maximum allowed            ; 1      ;
+----------------------------+--------+


+------------------------------------------------------------------------------------------------------------------------------------------------------------------------------------+
; Clock Setup: 'CLK'                                                                                                                                                                 ;
+-------+------------------------------------------------+-------+-------+------------+----------+-----------------------------+---------------------------+-------------------------+
; Slack ; Actual fmax (period)                           ; From  ; To    ; From Clock ; To Clock ; Required Setup Relationship ; Required Longest P2P Time ; Actual Longest P2P Time ;
+-------+------------------------------------------------+-------+-------+------------+----------+-----------------------------+---------------------------+-------------------------+
; N/A   ; Restricted to 200.00 MHz ( period = 5.000 ns ) ; inst  ; inst5 ; CLK        ; CLK      ; None                        ; None                      ; 2.400 ns                ;
; N/A   ; Restricted to 200.00 MHz ( period = 5.000 ns ) ; inst  ; inst  ; CLK        ; CLK      ; None                        ; None                      ; 1.200 ns                ;
; N/A   ; Restricted to 200.00 MHz ( period = 5.000 ns ) ; inst5 ; inst5 ; CLK        ; CLK      ; None                        ; None                      ; 1.200 ns                ;
+-------+------------------------------------------------+-------+-------+------------+----------+-----------------------------+---------------------------+-------------------------+


+-------------------------------------------------------------+
; tsu                                                         ;
+-------+--------------+------------+------+-------+----------+
; Slack ; Required tsu ; Actual tsu ; From ; To    ; To Clock ;
+-------+--------------+------------+------+-------+----------+
; N/A   ; None         ; 3.500 ns   ; CE   ; inst5 ; CLK      ;
; N/A   ; None         ; 1.400 ns   ; CE   ; inst  ; CLK      ;
+-------+--------------+------------+------+-------+----------+


+--------------------------------------------------------------+
; tco                                                          ;
+-------+--------------+------------+-------+-----+------------+
; Slack ; Required tco ; Actual tco ; From  ; To  ; From Clock ;
+-------+--------------+------------+-------+-----+------------+
; N/A   ; None         ; 15.000 ns  ; inst5 ; CEO ; CLK        ;
; N/A   ; None         ; 14.900 ns  ; inst  ; CEO ; CLK        ;
; N/A   ; None         ; 14.500 ns  ; inst5 ; TC  ; CLK        ;
; N/A   ; None         ; 14.300 ns  ; inst  ; TC  ; CLK        ;
; N/A   ; None         ; 12.400 ns  ; inst5 ; Q1  ; CLK        ;
; N/A   ; None         ; 12.400 ns  ; inst  ; Q0  ; CLK        ;
+-------+--------------+------------+-------+-----+------------+


+----------------------------------------------------------+
; tpd                                                      ;
+-------+-------------------+-----------------+------+-----+
; Slack ; Required P2P Time ; Actual P2P Time ; From ; To  ;
+-------+-------------------+-----------------+------+-----+
; N/A   ; None              ; 13.800 ns       ; CE   ; CEO ;
+-------+-------------------+-----------------+------+-----+


+-------------------------------------------------------------------+
; th                                                                ;
+---------------+-------------+-----------+------+-------+----------+
; Minimum Slack ; Required th ; Actual th ; From ; To    ; To Clock ;
+---------------+-------------+-----------+------+-------+----------+
; N/A           ; None        ; 0.200 ns  ; CE   ; inst  ; CLK      ;
; N/A           ; None        ; -1.900 ns ; CE   ; inst5 ; CLK      ;
+---------------+-------------+-----------+------+-------+----------+


+--------------------------+
; Timing Analyzer Messages ;
+--------------------------+
Info: *******************************************************************
Info: Running Quartus II Classic Timing Analyzer
    Info: Version 9.0 Build 235 06/17/2009 Service Pack 2 SJ Web Edition
    Info: Processing started: Fri Sep 06 10:43:35 2019
Info: Command: quartus_tan --read_settings_files=off --write_settings_files=off contador -c contador
Info: Started post-fitting delay annotation
Info: Delay annotation completed successfully
Warning: Found pins functioning as undefined clocks and/or memory enables
    Info: Assuming node "CLK" is an undefined clock
Info: Clock "CLK" Internal fmax is restricted to 200.0 MHz between source register "inst" and destination register "inst5"
    Info: fmax restricted to Clock High delay (2.5 ns) plus Clock Low delay (2.5 ns) : restricted to 5.0 ns. Expand message to see actual delay path.
        Info: + Longest register to register delay is 2.400 ns
            Info: 1: + IC(0.000 ns) + CELL(0.000 ns) = 0.000 ns; Loc. = LC4_A37; Fanout = 5; REG Node = 'inst'
            Info: 2: + IC(0.200 ns) + CELL(1.700 ns) = 1.900 ns; Loc. = LC5_A37; Fanout = 1; COMB Node = 'inst4'
            Info: 3: + IC(0.200 ns) + CELL(0.300 ns) = 2.400 ns; Loc. = LC3_A37; Fanout = 4; REG Node = 'inst5'
            Info: Total cell delay = 2.000 ns ( 83.33 % )
            Info: Total interconnect delay = 0.400 ns ( 16.67 % )
        Info: - Smallest clock skew is 0.000 ns
            Info: + Shortest clock path from clock "CLK" to destination register is 1.900 ns
                Info: 1: + IC(0.000 ns) + CELL(0.500 ns) = 0.500 ns; Loc. = PIN_79; Fanout = 2; CLK Node = 'CLK'
                Info: 2: + IC(1.400 ns) + CELL(0.000 ns) = 1.900 ns; Loc. = LC3_A37; Fanout = 4; REG Node = 'inst5'
                Info: Total cell delay = 0.500 ns ( 26.32 % )
                Info: Total interconnect delay = 1.400 ns ( 73.68 % )
            Info: - Longest clock path from clock "CLK" to source register is 1.900 ns
                Info: 1: + IC(0.000 ns) + CELL(0.500 ns) = 0.500 ns; Loc. = PIN_79; Fanout = 2; CLK Node = 'CLK'
                Info: 2: + IC(1.400 ns) + CELL(0.000 ns) = 1.900 ns; Loc. = LC4_A37; Fanout = 5; REG Node = 'inst'
                Info: Total cell delay = 0.500 ns ( 26.32 % )
                Info: Total interconnect delay = 1.400 ns ( 73.68 % )
        Info: + Micro clock to output delay of source is 1.100 ns
        Info: + Micro setup delay of destination is 0.700 ns
Info: tsu for register "inst5" (data pin = "CE", clock pin = "CLK") is 3.500 ns
    Info: + Longest pin to register delay is 4.700 ns
        Info: 1: + IC(0.000 ns) + CELL(0.500 ns) = 0.500 ns; Loc. = PIN_182; Fanout = 3; PIN Node = 'CE'
        Info: 2: + IC(1.800 ns) + CELL(1.900 ns) = 4.200 ns; Loc. = LC5_A37; Fanout = 1; COMB Node = 'inst4'
        Info: 3: + IC(0.200 ns) + CELL(0.300 ns) = 4.700 ns; Loc. = LC3_A37; Fanout = 4; REG Node = 'inst5'
        Info: Total cell delay = 2.700 ns ( 57.45 % )
        Info: Total interconnect delay = 2.000 ns ( 42.55 % )
    Info: + Micro setup delay of destination is 0.700 ns
    Info: - Shortest clock path from clock "CLK" to destination register is 1.900 ns
        Info: 1: + IC(0.000 ns) + CELL(0.500 ns) = 0.500 ns; Loc. = PIN_79; Fanout = 2; CLK Node = 'CLK'
        Info: 2: + IC(1.400 ns) + CELL(0.000 ns) = 1.900 ns; Loc. = LC3_A37; Fanout = 4; REG Node = 'inst5'
        Info: Total cell delay = 0.500 ns ( 26.32 % )
        Info: Total interconnect delay = 1.400 ns ( 73.68 % )
Info: tco from clock "CLK" to destination pin "CEO" through register "inst5" is 15.000 ns
    Info: + Longest clock path from clock "CLK" to source register is 1.900 ns
        Info: 1: + IC(0.000 ns) + CELL(0.500 ns) = 0.500 ns; Loc. = PIN_79; Fanout = 2; CLK Node = 'CLK'
        Info: 2: + IC(1.400 ns) + CELL(0.000 ns) = 1.900 ns; Loc. = LC3_A37; Fanout = 4; REG Node = 'inst5'
        Info: Total cell delay = 0.500 ns ( 26.32 % )
        Info: Total interconnect delay = 1.400 ns ( 73.68 % )
    Info: + Micro clock to output delay of source is 1.100 ns
    Info: + Longest register to pin delay is 12.000 ns
        Info: 1: + IC(0.000 ns) + CELL(0.000 ns) = 0.000 ns; Loc. = LC3_A37; Fanout = 4; REG Node = 'inst5'
        Info: 2: + IC(0.200 ns) + CELL(2.000 ns) = 2.200 ns; Loc. = LC2_A37; Fanout = 1; COMB Node = 'inst7'
        Info: 3: + IC(1.200 ns) + CELL(8.600 ns) = 12.000 ns; Loc. = PIN_150; Fanout = 0; PIN Node = 'CEO'
        Info: Total cell delay = 10.600 ns ( 88.33 % )
        Info: Total interconnect delay = 1.400 ns ( 11.67 % )
Info: Longest tpd from source pin "CE" to destination pin "CEO" is 13.800 ns
    Info: 1: + IC(0.000 ns) + CELL(0.500 ns) = 0.500 ns; Loc. = PIN_182; Fanout = 3; PIN Node = 'CE'
    Info: 2: + IC(1.800 ns) + CELL(1.700 ns) = 4.000 ns; Loc. = LC2_A37; Fanout = 1; COMB Node = 'inst7'
    Info: 3: + IC(1.200 ns) + CELL(8.600 ns) = 13.800 ns; Loc. = PIN_150; Fanout = 0; PIN Node = 'CEO'
    Info: Total cell delay = 10.800 ns ( 78.26 % )
    Info: Total interconnect delay = 3.000 ns ( 21.74 % )
Info: th for register "inst" (data pin = "CE", clock pin = "CLK") is 0.200 ns
    Info: + Longest clock path from clock "CLK" to destination register is 1.900 ns
        Info: 1: + IC(0.000 ns) + CELL(0.500 ns) = 0.500 ns; Loc. = PIN_79; Fanout = 2; CLK Node = 'CLK'
        Info: 2: + IC(1.400 ns) + CELL(0.000 ns) = 1.900 ns; Loc. = LC4_A37; Fanout = 5; REG Node = 'inst'
        Info: Total cell delay = 0.500 ns ( 26.32 % )
        Info: Total interconnect delay = 1.400 ns ( 73.68 % )
    Info: + Micro hold delay of destination is 0.900 ns
    Info: - Shortest pin to register delay is 2.600 ns
        Info: 1: + IC(0.000 ns) + CELL(0.500 ns) = 0.500 ns; Loc. = PIN_182; Fanout = 3; PIN Node = 'CE'
        Info: 2: + IC(1.800 ns) + CELL(0.300 ns) = 2.600 ns; Loc. = LC4_A37; Fanout = 5; REG Node = 'inst'
        Info: Total cell delay = 0.800 ns ( 30.77 % )
        Info: Total interconnect delay = 1.800 ns ( 69.23 % )
Info: Quartus II Classic Timing Analyzer was successful. 0 errors, 1 warning
    Info: Peak virtual memory: 177 megabytes
    Info: Processing ended: Fri Sep 06 10:43:36 2019
    Info: Elapsed time: 00:00:01
    Info: Total CPU time (on all processors): 00:00:00


